Arguments: 
  /Users/zhengmiao/.nvm/versions/node/v16.15.1/bin/node /Users/zhengmiao/.nvm/versions/node/v16.15.1/bin/yarn build

PATH: 
  /Users/zhengmiao/Library/pnpm:/Users/zhengmiao/.nvm/versions/node/v16.15.1/bin:/opt/homebrew/bin:/opt/homebrew/sbin:/usr/local/bin:/usr/bin:/bin:/usr/sbin:/sbin:/Users/zhengmiao/Library/pnpm:/Users/zhengmiao/.nvm/versions/node/v16.15.1/bin:/opt/homebrew/bin:/opt/homebrew/sbin

Yarn version: 
  1.22.19

Node version: 
  16.15.1

Platform: 
  darwin arm64

Trace: 
  SyntaxError: /Users/zhengmiao/fe/eclf/package.json: Unexpected token ] in JSON at position 113
      at JSON.parse (<anonymous>)
      at /Users/zhengmiao/.nvm/versions/node/v16.15.1/lib/node_modules/yarn/lib/cli.js:1629:59
      at Generator.next (<anonymous>)
      at step (/Users/zhengmiao/.nvm/versions/node/v16.15.1/lib/node_modules/yarn/lib/cli.js:310:30)
      at /Users/zhengmiao/.nvm/versions/node/v16.15.1/lib/node_modules/yarn/lib/cli.js:321:13

npm manifest: 
  {
    "name": "eclf-utils",
    "version": "1.0.0-beta.7",
    "description": "eclf tools",
    "files": [
      "dist",
    ],
    "main": "./lib/index.js",
    "module": "./esm/index.js",
    "exports": {
      "require": "./lib/index.js",
      "import": "./esm/index.js"
    },
    "scripts": {
      "test": "NODE_OPTIONS=--experimental-vm-modules jest",
      "prebuild": "npm run test",
      "build": "rollup -c"
    },
    "keywords": [
      "eclf",
      "apache",
      "log"
    ],
    "author": "zfitness",
    "repository": {
      "type": "git",
      "url": "https://github.com/zFitness/eclf-utils"
    },
    "license": "ISC",
    "devDependencies": {
      "@babel/core": "^7.18.9",
      "@babel/preset-env": "^7.18.9",
      "@babel/preset-typescript": "^7.18.6",
      "@types/jest": "^28.1.6",
      "babel-jest": "^28.1.3",
      "esbuild": "^0.14.49",
      "jest": "^28.1.3",
      "rollup": "^2.77.0",
      "rollup-plugin-babel": "^4.4.0",
      "rollup-plugin-dts": "^4.2.2",
      "rollup-plugin-esbuild": "^4.9.1",
      "rollup-plugin-node-resolve": "^5.2.0",
      "rollup-plugin-terser": "^7.0.2",
      "ts-jest": "^28.0.7",
      "ts-node": "^10.9.1",
      "typescript": "^4.7.4"
    }
  }

yarn manifest: 
  No manifest

Lockfile: 
  No lockfile
